-------------------------------------------------------------------------------
Test set: agenda.FixedTerminationEventTest
-------------------------------------------------------------------------------
Tests run: 6, Failures: 4, Errors: 0, Skipped: 0, Time elapsed: 0.092 s <<< FAILURE! - in agenda.FixedTerminationEventTest
eventIsNotInExceptionDays  Time elapsed: 0 s  <<< FAILURE!
org.opentest4j.AssertionFailedError: Cet événement se produit toutes les semaines ==> expected: <true> but was: <false>
	at agenda.FixedTerminationEventTest.eventIsNotInExceptionDays(FixedTerminationEventTest.java:64)

eventOccurs10WeeksAfter  Time elapsed: 0.003 s  <<< FAILURE!
org.opentest4j.AssertionFailedError: Cet événement se produit toutes les semaines ==> expected: <true> but was: <false>
	at agenda.FixedTerminationEventTest.eventOccurs10WeeksAfter(FixedTerminationEventTest.java:56)

canCalculateTerminationDateFromNumberOfOccurrences  Time elapsed: 0.034 s  <<< FAILURE!
org.opentest4j.AssertionFailedError: Cet événement doits se terminer le 3 janvier ==> expected: <2021-01-03> but was: <null>
	at agenda.FixedTerminationEventTest.canCalculateTerminationDateFromNumberOfOccurrences(FixedTerminationEventTest.java:39)

canCalculateNumberOfOccurrencesFromTerminationDate  Time elapsed: 0.006 s  <<< FAILURE!
org.opentest4j.AssertionFailedError: Cet événement doits se répéter 10 fois ==> expected: <10> but was: <0>
	at agenda.FixedTerminationEventTest.canCalculateNumberOfOccurrencesFromTerminationDate(FixedTerminationEventTest.java:33)

