-------------------------------------------------------------------------------
Test set: agenda.AgendaTest
-------------------------------------------------------------------------------
Tests run: 1, Failures: 1, Errors: 0, Skipped: 0, Time elapsed: 0.104 s <<< FAILURE! - in agenda.AgendaTest
testMultipleEventsInDay  Time elapsed: 0.1 s  <<< FAILURE!
org.opentest4j.AssertionFailedError: Il y a 4 événements ce jour là ==> expected: <4> but was: <0>
	at agenda.AgendaTest.testMultipleEventsInDay(AgendaTest.java:52)

