<?xml version="1.0" encoding="UTF-8"?>
<testsuite xmlns:xsi="http://www.w3.org/2001/XMLSchema-instance" xsi:noNamespaceSchemaLocation="https://maven.apache.org/surefire/maven-surefire-plugin/xsd/surefire-test-report.xsd" name="agenda.NoTerminationEventTest" time="0" tests="4" errors="0" skipped="0" failures="0">
  <properties>
[...]
</properties>
  <testcase name="eventIsNotInExceptionDays" classname="agenda.NoTerminationEventTest" time="0"/>
  <testcase name="eventOccurs10DayAfter" classname="agenda.NoTerminationEventTest" time="0"/>
  <testcase name="eventIsNotInDayBefore" classname="agenda.NoTerminationEventTest" time="0"/>
  <testcase name="eventIsInItsStartDay" classname="agenda.NoTerminationEventTest" time="0"/>
</testsuite>